cgi-bin/build_layout_lts.bash 7b235e8c41419a9389e24f756ba879f915b410981efb3b MDErgo1 standard "MDErgo1-Blank-0.kll" "MDErgo1-Blank-1.kll" "MDErgo1-Blank-2.kll"  2>&1
/srv/KiiConf/dist/tmp-lts/7b235e8c41419a9389e24f756ba879f915b410981efb3b
+ mkdir -p right
/srv/KiiConf/dist/tmp-lts/7b235e8c41419a9389e24f756ba879f915b410981efb3b
+ mkdir -p left
+ cd left
+ cp ../MDErgo1-Blank-0.kll ../MDErgo1-Blank-1.kll ../MDErgo1-Blank-2.kll .
+ cd right
+ cp ../MDErgo1-Blank-0.kll ../MDErgo1-Blank-1.kll ../MDErgo1-Blank-2.kll .
+ cmake /srv/KiiConf/controller-lts -DScanModule=MDErgo1 -DCHIP=mk20dx256vlh7 '-DBaseMap=defaultMap leftHand slave1 rightHand' -DMacroModule=PartialMap -DOutputModule=pjrcUSB -DDebugModule=full '-DDefaultMap=MDErgo1-Blank-0 lcdFuncMap' '-DPartialMaps=MDErgo1-Blank-1 lcdFuncMap;MDErgo1-Blank-2 lcdFuncMap' -DCONFIGURATOR=1
+ cmake /srv/KiiConf/controller-lts -DScanModule=MDErgo1 -DCHIP=mk20dx256vlh7 '-DBaseMap=defaultMap rightHand slave1 leftHand' -DMacroModule=PartialMap -DOutputModule=pjrcUSB -DDebugModule=full '-DDefaultMap=MDErgo1-Blank-0 lcdFuncMap' '-DPartialMaps=MDErgo1-Blank-1 lcdFuncMap;MDErgo1-Blank-2 lcdFuncMap' -DCONFIGURATOR=1
-- Compiler Family:
arm-- Compiler Family:

arm
-- Compiler Selected:
-- Compiler Selected:
gcc
-- Chip Selected:
gcc
mk20dx256vlh7
-- Chip Selected:
mk20dx256vlh7
-- Chip Family:
mk20dx
-- CPU Selected:
cortex-m4
-- Chip Family:
-- Compiler Source Files:
Lib/mk20dx.c;Lib/delay.c
-- Bootloader Type:
mk20dx
-- CPU Selected:
cortex-m4
dfu
-- Compiler Source Files:
Lib/mk20dx.c;Lib/delay.c
-- Bootloader Type:
dfu
-- Detected Scan Module Source Files:
Scan/ISSILed/led_scan.c;Scan/MatrixARM/matrix_scan.c;Scan/STLcd/lcd_scan.c;Scan/UARTConnect/connect_scan.c;Scan/MDErgo1/scan_loop.c
-- Detected Macro Module Source Files:
Macro/PartialMap/macro.c;Macro/PartialMap/result.c;Macro/PartialMap/trigger.c
-- Detected Output Module Source Files:
Output/pjrcUSB/output_com.c;Output/pjrcUSB/arm/usb_desc.c;Output/pjrcUSB/arm/usb_dev.c;Output/pjrcUSB/arm/usb_joystick.c;Output/pjrcUSB/arm/usb_keyboard.c;Output/pjrcUSB/arm/usb_mem.c;Output/pjrcUSB/arm/usb_mouse.c;Output/pjrcUSB/arm/usb_rawio.c;Output/pjrcUSB/arm/usb_serial.c
-- Detected Debug Module Source Files:
Debug/cli/cli.c;Debug/led/led.c;Debug/print/print.c
-- Detected Scan Module Source Files:
Scan/ISSILed/led_scan.c;Scan/MatrixARM/matrix_scan.c;Scan/STLcd/lcd_scan.c;Scan/UARTConnect/connect_scan.c;Scan/MDErgo1/scan_loop.c
-- Detected Macro Module Source Files:
Macro/PartialMap/macro.c;Macro/PartialMap/result.c;Macro/PartialMap/trigger.c
-- Detected Output Module Source Files:
Output/pjrcUSB/output_com.c;Output/pjrcUSB/arm/usb_desc.c;Output/pjrcUSB/arm/usb_dev.c;Output/pjrcUSB/arm/usb_joystick.c;Output/pjrcUSB/arm/usb_keyboard.c;Output/pjrcUSB/arm/usb_mem.c;Output/pjrcUSB/arm/usb_mouse.c;Output/pjrcUSB/arm/usb_rawio.c;Output/pjrcUSB/arm/usb_serial.c
-- Detected Debug Module Source Files:
Debug/cli/cli.c;Debug/led/led.c;Debug/print/print.c
-- Found Git: /usr/bin/git (found version "1.9.1") 
-- Found Git: /usr/bin/git (found version "1.9.1") 
-- Found Ctags: /usr/bin/ctags (found version "5.9~svn20110310") 
ctags: -- Found Ctags: /usr/bin/ctags (found version "5.9~svn20110310") 
cannot open tag file : Permission denied
ctags: cannot open tag file : Permission denied
-- Found PythonInterp: python3 (found suitable version "3.4.3", minimum required is "3") 
-- Detected Layout Files:
/srv/KiiConf/controller-lts/Scan/ISSILed/capabilities.kll
/srv/KiiConf/controller-lts/Scan/MatrixARM/capabilities.kll
/srv/KiiConf/controller-lts/Scan/STLcd/capabilities.kll
/srv/KiiConf/controller-lts/Scan/UARTConnect/capabilities.kll
/srv/KiiConf/controller-lts/Macro/PartialMap/capabilities.kll
/srv/KiiConf/controller-lts/Output/pjrcUSB/capabilities.kll
/srv/KiiConf/controller-lts/Scan/MDErgo1/scancode_map.kll
/srv/KiiConf/controller-lts/Scan/MDErgo1/rightHand.kll
/srv/KiiConf/controller-lts/Scan/MDErgo1/slave1.kll
/srv/KiiConf/controller-lts/Scan/MDErgo1/leftHand.kll
/srv/KiiConf/dist/tmp-lts/7b235e8c41419a9389e24f756ba879f915b410981efb3b/right/MDErgo1-Blank-0.kll
/srv/KiiConf/controller-lts/kll/layouts/lcdFuncMap.kll
/srv/KiiConf/dist/tmp-lts/7b235e8c41419a9389e24f756ba879f915b410981efb3b/right/MDErgo1-Blank-1.kll
/srv/KiiConf/controller-lts/kll/layouts/lcdFuncMap.kll
/srv/KiiConf/dist/tmp-lts/7b235e8c41419a9389e24f756ba879f915b410981efb3b/right/MDErgo1-Blank-2.kll
/srv/KiiConf/controller-lts/kll/layouts/lcdFuncMap.kll
-- Found PythonInterp: python3 (found suitable version "3.4.3", minimum required is "3") 
-- Detected Layout Files:
/srv/KiiConf/controller-lts/Scan/ISSILed/capabilities.kll
/srv/KiiConf/controller-lts/Scan/MatrixARM/capabilities.kll
/srv/KiiConf/controller-lts/Scan/STLcd/capabilities.kll
/srv/KiiConf/controller-lts/Scan/UARTConnect/capabilities.kll
/srv/KiiConf/controller-lts/Macro/PartialMap/capabilities.kll
/srv/KiiConf/controller-lts/Output/pjrcUSB/capabilities.kll
/srv/KiiConf/controller-lts/Scan/MDErgo1/scancode_map.kll
/srv/KiiConf/controller-lts/Scan/MDErgo1/leftHand.kll
/srv/KiiConf/controller-lts/Scan/MDErgo1/slave1.kll
/srv/KiiConf/controller-lts/Scan/MDErgo1/rightHand.kll
/srv/KiiConf/dist/tmp-lts/7b235e8c41419a9389e24f756ba879f915b410981efb3b/left/MDErgo1-Blank-0.kll
/srv/KiiConf/controller-lts/kll/layouts/lcdFuncMap.kll
/srv/KiiConf/dist/tmp-lts/7b235e8c41419a9389e24f756ba879f915b410981efb3b/left/MDErgo1-Blank-1.kll
/srv/KiiConf/controller-lts/kll/layouts/lcdFuncMap.kll
/srv/KiiConf/dist/tmp-lts/7b235e8c41419a9389e24f756ba879f915b410981efb3b/left/MDErgo1-Blank-2.kll
/srv/KiiConf/controller-lts/kll/layouts/lcdFuncMap.kll
-- Found DFU_SUFFIX: /usr/local/bin/dfu-suffix (found version "0.8") 
-- Configuring done
-- Found DFU_SUFFIX: /usr/local/bin/dfu-suffix (found version "0.8") 
-- Configuring done
-- Generating done
CMake Warning:
  Manually-specified variables were not used by the project:

    CONFIGURATOR


-- Build files have been written to: /srv/KiiConf/dist/tmp-lts/7b235e8c41419a9389e24f756ba879f915b410981efb3b/left
+ make -j
-- Generating done
CMake Warning:
  Manually-specified variables were not used by the project:

    CONFIGURATOR


-- Build files have been written to: /srv/KiiConf/dist/tmp-lts/7b235e8c41419a9389e24f756ba879f915b410981efb3b/right
+ make -j
[  4%] Generating KLL Layout
[  4%] Generating KLL Layout
Scanning dependencies of target kiibohd.elf
[  8%] [ 12%] [ 16%] [ 20%] [ 24%] [ 28%] Building C object CMakeFiles/kiibohd.elf.dir/main.c.o
Building C object CMakeFiles/kiibohd.elf.dir/Lib/delay.c.o
[ 32%] Building C object CMakeFiles/kiibohd.elf.dir/Lib/mk20dx.c.o
Building C object CMakeFiles/kiibohd.elf.dir/Scan/ISSILed/led_scan.c.o
Building C object CMakeFiles/kiibohd.elf.dir/Scan/MatrixARM/matrix_scan.c.o
Building C object CMakeFiles/kiibohd.elf.dir/Scan/STLcd/lcd_scan.c.o
Scanning dependencies of target kiibohd.elf
Building C object CMakeFiles/kiibohd.elf.dir/Scan/UARTConnect/connect_scan.c.o
[  8%] [ 12%] [ 16%] [ 36%] [ 40%] Building C object CMakeFiles/kiibohd.elf.dir/Scan/MDErgo1/scan_loop.c.o
Building C object CMakeFiles/kiibohd.elf.dir/main.c.o
[ 44%] [ 20%] Building C object CMakeFiles/kiibohd.elf.dir/Lib/mk20dx.c.o
Building C object CMakeFiles/kiibohd.elf.dir/Lib/delay.c.o
Building C object CMakeFiles/kiibohd.elf.dir/Macro/PartialMap/macro.c.o
[ 48%] Building C object CMakeFiles/kiibohd.elf.dir/Macro/PartialMap/result.c.o
[ 24%] Building C object CMakeFiles/kiibohd.elf.dir/Macro/PartialMap/trigger.c.o
[ 52%] [ 28%] Building C object CMakeFiles/kiibohd.elf.dir/Scan/ISSILed/led_scan.c.o
Building C object CMakeFiles/kiibohd.elf.dir/Scan/MatrixARM/matrix_scan.c.o
[ 56%] [ 60%] [ 32%] [ 64%] Building C object CMakeFiles/kiibohd.elf.dir/Output/pjrcUSB/arm/usb_desc.c.o
Building C object CMakeFiles/kiibohd.elf.dir/Output/pjrcUSB/output_com.c.o
[ 68%] Building C object CMakeFiles/kiibohd.elf.dir/Scan/STLcd/lcd_scan.c.o
[ 72%] [ 36%] Building C object CMakeFiles/kiibohd.elf.dir/Scan/UARTConnect/connect_scan.c.o
Building C object CMakeFiles/kiibohd.elf.dir/Output/pjrcUSB/arm/usb_keyboard.c.o
[ 40%] Building C object CMakeFiles/kiibohd.elf.dir/Output/pjrcUSB/arm/usb_dev.c.o
Building C object CMakeFiles/kiibohd.elf.dir/Output/pjrcUSB/arm/usb_mem.c.o
[ 44%] [ 48%] Building C object CMakeFiles/kiibohd.elf.dir/Output/pjrcUSB/arm/usb_joystick.c.o
Building C object CMakeFiles/kiibohd.elf.dir/Macro/PartialMap/macro.c.o
Building C object CMakeFiles/kiibohd.elf.dir/Macro/PartialMap/result.c.o
[ 52%] Building C object CMakeFiles/kiibohd.elf.dir/Scan/MDErgo1/scan_loop.c.o
[ 76%] Building C object CMakeFiles/kiibohd.elf.dir/Macro/PartialMap/trigger.c.o
[ 80%] [ 84%] [ 88%] Building C object CMakeFiles/kiibohd.elf.dir/Output/pjrcUSB/output_com.c.o
[ 56%] Building C object CMakeFiles/kiibohd.elf.dir/Output/pjrcUSB/arm/usb_mouse.c.o
[ 60%] Building C object CMakeFiles/kiibohd.elf.dir/Output/pjrcUSB/arm/usb_rawio.c.o
[ 64%] [ 92%] [ 96%] Building C object CMakeFiles/kiibohd.elf.dir/Output/pjrcUSB/arm/usb_desc.c.o
Building C object CMakeFiles/kiibohd.elf.dir/Output/pjrcUSB/arm/usb_serial.c.o
[ 68%] Building C object CMakeFiles/kiibohd.elf.dir/Debug/led/led.c.o
Building C object CMakeFiles/kiibohd.elf.dir/Debug/cli/cli.c.o
Building C object CMakeFiles/kiibohd.elf.dir/Output/pjrcUSB/arm/usb_keyboard.c.o
[ 72%] Building C object CMakeFiles/kiibohd.elf.dir/Debug/print/print.c.o
Building C object CMakeFiles/kiibohd.elf.dir/Output/pjrcUSB/arm/usb_dev.c.o
Building C object CMakeFiles/kiibohd.elf.dir/Output/pjrcUSB/arm/usb_joystick.c.o
Building C object CMakeFiles/kiibohd.elf.dir/Output/pjrcUSB/arm/usb_mem.c.o
[ 76%] Building C object CMakeFiles/kiibohd.elf.dir/Output/pjrcUSB/arm/usb_mouse.c.o
[ 80%] [ 84%] Building C object CMakeFiles/kiibohd.elf.dir/Output/pjrcUSB/arm/usb_rawio.c.o
[ 88%] Building C object CMakeFiles/kiibohd.elf.dir/Output/pjrcUSB/arm/usb_serial.c.o
Building C object CMakeFiles/kiibohd.elf.dir/Debug/cli/cli.c.o
[ 92%] [ 96%] Building C object CMakeFiles/kiibohd.elf.dir/Debug/print/print.c.o
Building C object CMakeFiles/kiibohd.elf.dir/Debug/led/led.c.o
Linking C executable kiibohd.elf
Create and sign dfu bin file:  kiibohd.dfu.bin
Creating Extended Listing:     kiibohd.lss
Linking C executable kiibohd.elf
Create and sign dfu bin file:  kiibohd.dfu.bin
Creating Symbol Table:         kiibohd.sym
Creating Extended Listing:     kiibohd.lss
[ 96%] Built target kiibohd.elf
Scanning dependencies of target SizeAfter
[100%] Chip usage for mk20dx256vlh7
	[1m SRAM[m: 	[1;32m14%[m 	9568/65536	bytes
	[1mFlash[m: 	[1;32m17%[m 	43704/253952	bytes
[100%] Built target SizeAfter
+ RETVAL=0
+ set +x
/srv/KiiConf/dist/tmp-lts/7b235e8c41419a9389e24f756ba879f915b410981efb3b
Creating Symbol Table:         kiibohd.sym
[ 96%] Built target kiibohd.elf
Scanning dependencies of target SizeAfter
[100%] Chip usage for mk20dx256vlh7
	[1m SRAM[m: 	[1;32m14%[m 	9564/65536	bytes
	[1mFlash[m: 	[1;32m17%[m 	43696/253952	bytes
[100%] Built target SizeAfter
+ RETVAL=0
+ set +x
